<?xml version="1.0" encoding="UTF-8"?>
<!-- Generated by org.testng.reporters.JUnitReportReporter -->
<testsuite skipped="0" hostname="MacBook-Air-Ira.local" name="ua.lits.team3.SortingTest" tests="2" failures="0" timestamp="17 квіт. 2018 13:40:31 GMT" time="0.015" errors="0">
  <testcase name="sortByName" time="0.013" classname="ua.lits.team3.SortingTest"/>
  <testcase name="sortByPosition" time="0.002" classname="ua.lits.team3.SortingTest"/>
</testsuite> <!-- ua.lits.team3.SortingTest -->
