<?xml version="1.0" encoding="UTF-8"?>
<!-- Generated by org.testng.reporters.JUnitReportReporter -->
<testsuite skipped="0" hostname="MacBook-Air-Ira.local" name="ua.lits.team3.JsonParserTest" tests="1" failures="0" timestamp="17 квіт. 2018 14:44:04 GMT" time="0.717" errors="0">
  <testcase name="parseJson" time="0.717" classname="ua.lits.team3.JsonParserTest"/>
</testsuite> <!-- ua.lits.team3.JsonParserTest -->
