<?xml version="1.0" encoding="UTF-8"?>
<!-- Generated by org.testng.reporters.JUnitReportReporter -->
<testsuite skipped="0" hostname="MacBook-Air-Ira.local" name="ua.lits.team3.SortingTest" tests="2" failures="0" timestamp="17 квіт. 2018 14:43:59 GMT" time="0.019" errors="0">
  <testcase name="sortByPosition" time="0.002" classname="ua.lits.team3.SortingTest"/>
  <testcase name="sortByName" time="0.017" classname="ua.lits.team3.SortingTest"/>
</testsuite> <!-- ua.lits.team3.SortingTest -->
